#
# There is insufficient memory for the Java Runtime Environment to continue.
# Native memory allocation (malloc) failed to allocate 32744 bytes for ChunkPool::allocate
# Possible reasons:
#   The system is out of physical RAM or swap space
#   The process is running with CompressedOops enabled, and the Java Heap may be blocking the growth of the native heap
# Possible solutions:
#   Reduce memory load on the system
#   Increase physical memory or swap space
#   Check if swap backing store is full
#   Decrease Java heap size (-Xmx/-Xms)
#   Decrease number of Java threads
#   Decrease Java thread stack sizes (-Xss)
#   Set larger code cache with -XX:ReservedCodeCacheSize=
#   JVM is running with Zero Based Compressed Oops mode in which the Java heap is
#     placed in the first 32GB address space. The Java Heap base address is the
#     maximum limit for the native heap growth. Please use -XX:HeapBaseMinAddress
#     to set the Java Heap base and to place the Java Heap above 32GB virtual address.
# This output file may be truncated or incomplete.
#
#  Out of Memory Error (arena.cpp:78), pid=36760, tid=46880
#
# JRE version: Java(TM) SE Runtime Environment (17.0.4+11) (build 17.0.4+11-LTS-179)
# Java VM: Java HotSpot(TM) 64-Bit Server VM (17.0.4+11-LTS-179, mixed mode, emulated-client, sharing, tiered, compressed oops, compressed class ptrs, g1 gc, windows-amd64)
# No core dump will be written. Minidumps are not enabled by default on client versions of Windows
#

---------------  S U M M A R Y ------------

Command Line: -Dcom.sun.management.jmxremote -Dcom.sun.management.jmxremote.port=61292 -Dcom.sun.management.jmxremote.authenticate=false -Dcom.sun.management.jmxremote.ssl=false -Djava.rmi.server.hostname=localhost -Dspring.jmx.enabled=true -Dspring.application.admin.enabled=true -XX:TieredStopAtLevel=1 -Dspring.boot.project.name=stagePotatoes -Dfile.encoding=UTF-8 -XX:+ShowCodeDetailsInExceptionMessages com.potatoes.StagePotatoesApplication

Host: Intel(R) Core(TM) i7-1065G7 CPU @ 1.30GHz, 8 cores, 15G,  Windows 11 , 64 bit Build 22000 (10.0.22000.708)
Time: Thu Sep  8 04:39:50 2022 Paris, Madrid (heure duild 22000 (10.0.22000.708) elapsed time: 1.063158 seconds (0d 0h 0m 1s)

---------------  T H R E A D  ---------------

Current thread (0x000001d299d19b20):  JavaThread "C1 CompilerThread2" daemon [_thread_in_native, id=46880, stack(0x0000001a17600000,0x0000001a17700000)]


Current CompileTask:
C1:   1063  995       1       sun.util.locale.LocaleUtils::toLower (17 bytes)

Stack: [0x0000001a17600000,0x0000001a17700000]
Native frames: (J=compiled Java code, j=interpreted, Vv=VM code, C=native code)
V  [jvm.dll+0x6723da]
V  [jvm.dll+0x7d1f74]
V  [jvm.dll+0x7d371e]
V  [jvm.dll+0x7d3d83]
V  [jvm.dll+0x242ed5]
V  [jvm.dll+0xaa7c0]
V  [jvm.dll+0xaab0c]
V  [jvm.dll+0x11a715]
V  [jvm.dll+0x17ef86]
V  [jvm.dll+0x18c4cc]
V  [jvm.dll+0x131f9d]
V  [jvm.dll+0x132200]
V  [jvm.dll+0x1324c6]
V  [jvm.dll+0x13195a]
V  [jvm.dll+0x133621]
V  [jvm.dll+0x224c78]
V  [jvm.dll+0x222de5]
V  [jvm.dll+0x787a5b]
V  [jvm.dll+0x78201a]
V  [jvm.dll+0x671265]
C  [ucrtbase.dll+0x26c0c]
C  [KERNEL32.DLL+0x154e0]
C  [ntdll.dll+0x485b]


---------------  P R O C E S S  ---------------

Threads class SMR info:
_java_thread_list=0x000001d29a2e4000, length=18, elements={
0x000001d2825bc740, 0x000001d299c06c50, 0x000001d299c09610, 0x000001d299c1d3f0,
0x000001d299c1dcb0, 0x000001d299c20090, 0x000001d299c21430, 0x000001d299c30d00,
0x000001d299c32610, 0x000001d299c22770, 0x000001d298e52ce0, 0x000001d299d19b20,
0x000001d299c235e0, 0x000001d299c22c40, 0x000001d299c24450, 0x000001d299c20f60,
0x000001d299c23110, 0x000001d299c23ab0
}

Java Threads: ( => current thread )
  0x000001d2825bc740 JavaThread "main" [_thread_in_vm, id=20644, stack(0x0000001a16500000,0x0000001a16600000)]
  0x000001d299c06c50 JavaThread "Reference Handler" daemon [_thread_blocked, id=6848, stack(0x0000001a16c00000,0x0000001a16d00000)]
  0x000001d299c09610 JavaThread "Finalizer" daemon [_thread_blocked, id=41060, stack(0x0000001a16d00000,0x0000001a16e00000)]
  0x000001d299c1d3f0 JavaThread "Signal Dispatcher" daemon [_thread_blocked, id=46640, stack(0x0000001a16e00000,0x0000001a16f00000)]
  0x000001d299c1dcb0 JavaThread "Attach Listener" daemon [_thread_blocked, id=39788, stack(0x0000001a16f00000,0x0000001a17000000)]
  0x000001d299c20090 JavaThread "Service Thread" daemon [_thread_blocked, id=45776, stack(0x0000001a17000000,0x0000001a17100000)]
  0x000001d299c21430 JavaThread "Monitor Deflation Thread" daemon [_thread_blocked, id=29244, stack(0x0000001a17100000,0x0000001a17200000)]
  0x000001d299c30d00 JavaThread "C1 CompilerThread0" daemon [_thread_blocked, id=46260, stack(0x0000001a17200000,0x0000001a17300000)]
  0x000001d299c32610 JavaThread "Sweeper thread" daemon [_thread_blocked, id=38784, stack(0x0000001a17300000,0x0000001a17400000)]
  0x000001d299c22770 JavaThread "Common-Cleaner" daemon [_thread_blocked, id=48688, stack(0x0000001a17400000,0x0000001a17500000)]
  0x000001d298e52ce0 JavaThread "C1 CompilerThread1" daemon [_thread_blocked, id=45824, stack(0x0000001a17500000,0x0000001a17600000)]
=>0x000001d299d19b20 JavaThread "C1 CompilerThread2" daemon [_thread_in_native, id=46880, stack(0x0000001a17600000,0x0000001a17700000)]
  0x000001d299c235e0 JavaThread "Notification Thread" daemon [_thread_blocked, id=47392, stack(0x0000001a17700000,0x0000001a17800000)]
  0x000001d299c22c40 JavaThread "RMI TCP Accept-0" daemon [_thread_in_native, id=45808, stack(0x0000001a17800000,0x0000001a17900000)]
  0x000001d299c24450 JavaThread "RMI TCP Accept-61292" daemon [_thread_in_native, id=48584, stack(0x0000001a17900000,0x0000001a17a00000)]
  0x000001d299c20f60 JavaThread "RMI TCP Accept-0" daemon [_thread_in_native, id=43252, stack(0x0000001a17a00000,0x0000001a17b00000)]
  0x000001d299c23110 JavaThread "RMI TCP Connection(1)-127.0.0.1" daemon [_thread_in_native, id=6628, stack(0x0000001a17c00000,0x0000001a17d00000)]
  0x000001d299c23ab0 JavaThread "RMI Scheduler(0)" daemon [_thread_blocked, id=47952, stack(0x0000001a17d00000,0x0000001a17e00000)]

Other Threads:
  0x000001d299c024a0 VMThread "VM Thread" [stack: 0x0000001a16b00000,0x0000001a16c00000] [id=35088]
  0x000001d282640430 WatcherThread [stack: 0x0000001a17b00000,0x0000001a17c00000] [id=24944]
  0x000001d282627ba0 GCTaskThread "GC Thread#0" [stack: 0x0000001a16600000,0x0000001a16700000] [id=45320]
  0x000001d282638670 ConcurrentGCThread "G1 Main Marker" [stack: 0x0000001a16700000,0x0000001a16800000] [id=29692]
  0x000001d282639f90 ConcurrentGCThread "G1 Conc#0" [stack: 0x0000001a16800000,0x0000001a16900000] [id=2716]
  0x000001d298d26aa0 ConcurrentGCThread "G1 Refine#0" [stack: 0x0000001a16900000,0x0000001a16a00000] [id=12808]
  0x000001d298d273c0 ConcurrentGCThread "G1 Service" [stack: 0x0000001a16a00000,0x0000001a16b00000] [id=37208]

Threads with active compile tasks:
C1 CompilerThread2     1092  995       1       sun.util.locale.LocaleUtils::toLower (17 bytes)

VM state: not at safepoint (normal execution)

VM Mutex/Monitor currently owned by a thread:  ([mutex/lock_event])
[0x000001d2825b5980] Metaspace_lock - owner thread: 0x000001d2825bc740

Heap address: 0x0000000703600000, size: 4042 MB, Compressed Oops mode: Zero based, Oop shift amount: 3

CDS archive(s) mapped at: [0x0000000800000000-0x0000000800bc0000-0x0000000800bc0000), size 12320768, SharedBaseAddress: 0x0000000800000000, ArchiveRelocationMode: 0.
Compressed class space mapped at: 0x0000000800c00000-0x0000000840c00000, reserved size: 1073741824
Narrow klass base: 0x0000000800000000, Narrow klass shift: 0, Narrow klass range: 0x100000000

GC Precious Log:
 CPUs: 8 total, 8 available
 Memory: 16165M
 Large Page Support: Disabled
 NUMA Support: Disabled
 Compressed Oops: Enabled (Zero based)
 Heap Region Size: 2M
 Heap Min Capacity: 8M
 Heap Initial Capacity: 254M
 Heap Max Capacity: 4042M
 Pre-touch: Disabled
 Parallel Workers: 8
 Concurrent Workers: 2
 Concurrent Refinement Workers: 8
 Periodic GC: Disabled

Heap:
 garbage-first heap   total 260096K, used 14336K [0x0000000703600000, 0x0000000800000000)
  region size 2048K, 9 young (18432K), 0 survivors (0K)
 Metaspace       used 5982K, committed 6080K, reserved 1056768K
  class space    used 735K, committed 768K, reserved 1048576K

Heap Regions: E=young(eden), S=young(survivor), O=old, HS=humongous(starts), HC=humongous(continues), CS=collection set, F=free, OA=open archive, CA=closed archive, TAMS=top-at-mark-start (previous, next)
|   0|0x0000000703600000, 0x0000000703600000, 0x0000000703800000|  0%| F|  |TAMS 0x0000000703600000, 0x0000000703600000| Untracked 
|   1|0x0000000703800000, 0x0000000703800000, 0x0000000703a00000|  0%| F|  |TAMS 0x0000000703800000, 0x0000000703800000| Untracked 
|   2|0x0000000703a00000, 0x0000000703a00000, 0x0000000703c00000|  0%| F|  |TAMS 0x0000000703a00000, 0x0000000703a00000| Untracked 
|   3|0x0000000703c00000, 0x0000000703c00000, 0x0000000703e00000|  0%| F|  |TAMS 0x0000000703c00000, 0x0000000703c00000| Untracked 
|   4|0x0000000703e00000, 0x0000000703e00000, 0x0000000704000000|  0%| F|  |TAMS 0x0000000703e00000, 0x0000000703e00000| Untracked 
|   5|0x0000000704000000, 0x0000000704000000, 0x0000000704200000|  0%| F|  |TAMS 0x0000000704000000, 0x0000000704000000| Untracked 
|   6|0x0000000704200000, 0x0000000704200000, 0x0000000704400000|  0%| F|  |TAMS 0x0000000704200000, 0x0000000704200000| Untracked 
|   7|0x0000000704400000, 0x0000000704400000, 0x0000000704600000|  0%| F|  |TAMS 0x0000000704400000, 0x0000000704400000| Untracked 
|   8|0x0000000704600000, 0x0000000704600000, 0x0000000704800000|  0%| F|  |TAMS 0x0000000704600000, 0x0000000704600000| Untracked 
|   9|0x0000000704800000, 0x0000000704800000, 0x0000000704a00000|  0%| F|  |TAMS 0x0000000704800000, 0x0000000704800000| Untracked 
|  10|0x0000000704a00000, 0x0000000704a00000, 0x0000000704c00000|  0%| F|  |TAMS 0x0000000704a00000, 0x0000000704a00000| Untracked 
|  11|0x0000000704c00000, 0x0000000704c00000, 0x0000000704e00000|  0%| F|  |TAMS 0x0000000704c00000, 0x0000000704c00000| Untracked 
|  12|0x0000000704e00000, 0x0000000704e00000, 0x0000000705000000|  0%| F|  |TAMS 0x0000000704e00000, 0x0000000704e00000| Untracked 
|  13|0x0000000705000000, 0x0000000705000000, 0x0000000705200000|  0%| F|  |TAMS 0x0000000705000000, 0x0000000705000000| Untracked 
|  14|0x0000000705200000, 0x0000000705200000, 0x0000000705400000|  0%| F|  |TAMS 0x0000000705200000, 0x0000000705200000| Untracked 
|  15|0x0000000705400000, 0x0000000705400000, 0x0000000705600000|  0%| F|  |TAMS 0x0000000705400000, 0x0000000705400000| Untracked 
|  16|0x0000000705600000, 0x0000000705600000, 0x0000000705800000|  0%| F|  |TAMS 0x0000000705600000, 0x0000000705600000| Untracked 
|  17|0x0000000705800000, 0x0000000705800000, 0x0000000705a00000|  0%| F|  |TAMS 0x0000000705800000, 0x0000000705800000| Untracked 
|  18|0x0000000705a00000, 0x0000000705a00000, 0x0000000705c00000|  0%| F|  |TAMS 0x0000000705a00000, 0x0000000705a00000| Untracked 
|  19|0x0000000705c00000, 0x0000000705c00000, 0x0000000705e00000|  0%| F|  |TAMS 0x0000000705c00000, 0x0000000705c00000| Untracked 
|  20|0x0000000705e00000, 0x0000000705e00000, 0x0000000706000000|  0%| F|  |TAMS 0x0000000705e00000, 0x0000000705e00000| Untracked 
|  21|0x0000000706000000, 0x0000000706000000, 0x0000000706200000|  0%| F|  |TAMS 0x0000000706000000, 0x0000000706000000| Untracked 
|  22|0x0000000706200000, 0x0000000706200000, 0x0000000706400000|  0%| F|  |TAMS 0x0000000706200000, 0x0000000706200000| Untracked 
|  23|0x0000000706400000, 0x0000000706400000, 0x0000000706600000|  0%| F|  |TAMS 0x0000000706400000, 0x0000000706400000| Untracked 
|  24|0x0000000706600000, 0x0000000706600000, 0x0000000706800000|  0%| F|  |TAMS 0x0000000706600000, 0x0000000706600000| Untracked 
|  25|0x0000000706800000, 0x0000000706800000, 0x0000000706a00000|  0%| F|  |TAMS 0x0000000706800000, 0x0000000706800000| Untracked 
|  26|0x0000000706a00000, 0x0000000706a00000, 0x0000000706c00000|  0%| F|  |TAMS 0x0000000706a00000, 0x0000000706a00000| Untracked 
|  27|0x0000000706c00000, 0x0000000706c00000, 0x0000000706e00000|  0%| F|  |TAMS 0x0000000706c00000, 0x0000000706c00000| Untracked 
|  28|0x0000000706e00000, 0x0000000706e00000, 0x0000000707000000|  0%| F|  |TAMS 0x0000000706e00000, 0x0000000706e00000| Untracked 
|  29|0x0000000707000000, 0x0000000707000000, 0x0000000707200000|  0%| F|  |TAMS 0x0000000707000000, 0x0000000707000000| Untracked 
|  30|0x0000000707200000, 0x0000000707200000, 0x0000000707400000|  0%| F|  |TAMS 0x0000000707200000, 0x0000000707200000| Untracked 
|  31|0x0000000707400000, 0x0000000707400000, 0x0000000707600000|  0%| F|  |TAMS 0x0000000707400000, 0x0000000707400000| Untracked 
|  32|0x0000000707600000, 0x0000000707600000, 0x0000000707800000|  0%| F|  |TAMS 0x0000000707600000, 0x0000000707600000| Untracked 
|  33|0x0000000707800000, 0x0000000707800000, 0x0000000707a00000|  0%| F|  |TAMS 0x0000000707800000, 0x0000000707800000| Untracked 
|  34|0x0000000707a00000, 0x0000000707a00000, 0x0000000707c00000|  0%| F|  |TAMS 0x0000000707a00000, 0x0000000707a00000| Untracked 
|  35|0x0000000707c00000, 0x0000000707c00000, 0x0000000707e00000|  0%| F|  |TAMS 0x0000000707c00000, 0x0000000707c00000| Untracked 
|  36|0x0000000707e00000, 0x0000000707e00000, 0x0000000708000000|  0%| F|  |TAMS 0x0000000707e00000, 0x0000000707e00000| Untracked 
|  37|0x0000000708000000, 0x0000000708000000, 0x0000000708200000|  0%| F|  |TAMS 0x0000000708000000, 0x0000000708000000| Untracked 
|  38|0x0000000708200000, 0x0000000708200000, 0x0000000708400000|  0%| F|  |TAMS 0x0000000708200000, 0x0000000708200000| Untracked 
|  39|0x0000000708400000, 0x0000000708400000, 0x0000000708600000|  0%| F|  |TAMS 0x0000000708400000, 0x0000000708400000| Untracked 
|  40|0x0000000708600000, 0x0000000708600000, 0x0000000708800000|  0%| F|  |TAMS 0x0000000708600000, 0x0000000708600000| Untracked 
|  41|0x0000000708800000, 0x0000000708800000, 0x0000000708a00000|  0%| F|  |TAMS 0x0000000708800000, 0x0000000708800000| Untracked 
|  42|0x0000000708a00000, 0x0000000708a00000, 0x0000000708c00000|  0%| F|  |TAMS 0x0000000708a00000, 0x0000000708a00000| Untracked 
|  43|0x0000000708c00000, 0x0000000708c00000, 0x0000000708e00000|  0%| F|  |TAMS 0x0000000708c00000, 0x0000000708c00000| Untracked 
|  44|0x0000000708e00000, 0x0000000708e00000, 0x0000000709000000|  0%| F|  |TAMS 0x0000000708e00000, 0x0000000708e00000| Untracked 
|  45|0x0000000709000000, 0x0000000709000000, 0x0000000709200000|  0%| F|  |TAMS 0x0000000709000000, 0x0000000709000000| Untracked 
|  46|0x0000000709200000, 0x0000000709200000, 0x0000000709400000|  0%| F|  |TAMS 0x0000000709200000, 0x0000000709200000| Untracked 
|  47|0x0000000709400000, 0x0000000709400000, 0x0000000709600000|  0%| F|  |TAMS 0x0000000709400000, 0x0000000709400000| Untracked 
|  48|0x0000000709600000, 0x0000000709600000, 0x0000000709800000|  0%| F|  |TAMS 0x0000000709600000, 0x0000000709600000| Untracked 
|  49|0x0000000709800000, 0x0000000709800000, 0x0000000709a00000|  0%| F|  |TAMS 0x0000000709800000, 0x0000000709800000| Untracked 
|  50|0x0000000709a00000, 0x0000000709a00000, 0x0000000709c00000|  0%| F|  |TAMS 0x0000000709a00000, 0x0000000709a00000| Untracked 
|  51|0x0000000709c00000, 0x0000000709c00000, 0x0000000709e00000|  0%| F|  |TAMS 0x0000000709c00000, 0x0000000709c00000| Untracked 
|  52|0x0000000709e00000, 0x0000000709e00000, 0x000000070a000000|  0%| F|  |TAMS 0x0000000709e00000, 0x0000000709e00000| Untracked 
|  53|0x000000070a000000, 0x000000070a000000, 0x000000070a200000|  0%| F|  |TAMS 0x000000070a000000, 0x000000070a000000| Untracked 
|  54|0x000000070a200000, 0x000000070a200000, 0x000000070a400000|  0%| F|  |TAMS 0x000000070a200000, 0x000000070a200000| Untracked 
|  55|0x000000070a400000, 0x000000070a400000, 0x000000070a600000|  0%| F|  |TAMS 0x000000070a400000, 0x000000070a400000| Untracked 
|  56|0x000000070a600000, 0x000000070a600000, 0x000000070a800000|  0%| F|  |TAMS 0x000000070a600000, 0x000000070a600000| Untracked 
|  57|0x000000070a800000, 0x000000070a800000, 0x000000070aa00000|  0%| F|  |TAMS 0x000000070a800000, 0x000000070a800000| Untracked 
|  58|0x000000070aa00000, 0x000000070aa00000, 0x000000070ac00000|  0%| F|  |TAMS 0x000000070aa00000, 0x000000070aa00000| Untracked 
|  59|0x000000070ac00000, 0x000000070ac00000, 0x000000070ae00000|  0%| F|  |TAMS 0x000000070ac00000, 0x000000070ac00000| Untracked 
|  60|0x000000070ae00000, 0x000000070ae00000, 0x000000070b000000|  0%| F|  |TAMS 0x000000070ae00000, 0x000000070ae00000| Untracked 
|  61|0x000000070b000000, 0x000000070b000000, 0x000000070b200000|  0%| F|  |TAMS 0x000000070b000000, 0x000000070b000000| Untracked 
|  62|0x000000070b200000, 0x000000070b200000, 0x000000070b400000|  0%| F|  |TAMS 0x000000070b200000, 0x000000070b200000| Untracked 
|  63|0x000000070b400000, 0x000000070b400000, 0x000000070b600000|  0%| F|  |TAMS 0x000000070b400000, 0x000000070b400000| Untracked 
|  64|0x000000070b600000, 0x000000070b600000, 0x000000070b800000|  0%| F|  |TAMS 0x000000070b600000, 0x000000070b600000| Untracked 
|  65|0x000000070b800000, 0x000000070b800000, 0x000000070ba00000|  0%| F|  |TAMS 0x000000070b800000, 0x000000070b800000| Untracked 
|  66|0x000000070ba00000, 0x000000070ba00000, 0x000000070bc00000|  0%| F|  |TAMS 0x000000070ba00000, 0x000000070ba00000| Untracked 
|  67|0x000000070bc00000, 0x000000070bc00000, 0x000000070be00000|  0%| F|  |TAMS 0x000000070bc00000, 0x000000070bc00000| Untracked 
|  68|0x000000070be00000, 0x000000070be00000, 0x000000070c000000|  0%| F|  |TAMS 0x000000070be00000, 0x000000070be00000| Untracked 
|  69|0x000000070c000000, 0x000000070c000000, 0x000000070c200000|  0%| F|  |TAMS 0x000000070c000000, 0x000000070c000000| Untracked 
|  70|0x000000070c200000, 0x000000070c200000, 0x000000070c400000|  0%| F|  |TAMS 0x000000070c200000, 0x000000070c200000| Untracked 
|  71|0x000000070c400000, 0x000000070c400000, 0x000000070c600000|  0%| F|  |TAMS 0x000000070c400000, 0x000000070c400000| Untracked 
|  72|0x000000070c600000, 0x000000070c600000, 0x000000070c800000|  0%| F|  |TAMS 0x000000070c600000, 0x000000070c600000| Untracked 
|  73|0x000000070c800000, 0x000000070c800000, 0x000000070ca00000|  0%| F|  |TAMS 0x000000070c800000, 0x000000070c800000| Untracked 
|  74|0x000000070ca00000, 0x000000070ca00000, 0x000000070cc00000|  0%| F|  |TAMS 0x000000070ca00000, 0x000000070ca00000| Untracked 
|  75|0x000000070cc00000, 0x000000070cc00000, 0x000000070ce00000|  0%| F|  |TAMS 0x000000070cc00000, 0x000000070cc00000| Untracked 
|  76|0x000000070ce00000, 0x000000070ce00000, 0x000000070d000000|  0%| F|  |TAMS 0x000000070ce00000, 0x000000070ce00000| Untracked 
|  77|0x000000070d000000, 0x000000070d000000, 0x000000070d200000|  0%| F|  |TAMS 0x000000070d000000, 0x000000070d000000| Untracked 
|  78|0x000000070d200000, 0x000000070d200000, 0x000000070d400000|  0%| F|  |TAMS 0x000000070d200000, 0x000000070d200000| Untracked 
|  79|0x000000070d400000, 0x000000070d400000, 0x000000070d600000|  0%| F|  |TAMS 0x000000070d400000, 0x000000070d400000| Untracked 
|  80|0x000000070d600000, 0x000000070d600000, 0x000000070d800000|  0%| F|  |TAMS 0x000000070d600000, 0x000000070d600000| Untracked 
|  81|0x000000070d800000, 0x000000070d800000, 0x000000070da00000|  0%| F|  |TAMS 0x000000070d800000, 0x000000070d800000| Untracked 
|  82|0x000000070da00000, 0x000000070da00000, 0x000000070dc00000|  0%| F|  |TAMS 0x000000070da00000, 0x000000070da00000| Untracked 
|  83|0x000000070dc00000, 0x000000070dc00000, 0x000000070de00000|  0%| F|  |TAMS 0x000000070dc00000, 0x000000070dc00000| Untracked 
|  84|0x000000070de00000, 0x000000070de00000, 0x000000070e000000|  0%| F|  |TAMS 0x000000070de00000, 0x000000070de00000| Untracked 
|  85|0x000000070e000000, 0x000000070e000000, 0x000000070e200000|  0%| F|  |TAMS 0x000000070e000000, 0x000000070e000000| Untracked 
|  86|0x000000070e200000, 0x000000070e200000, 0x000000070e400000|  0%| F|  |TAMS 0x000000070e200000, 0x000000070e200000| Untracked 
|  87|0x000000070e400000, 0x000000070e400000, 0x000000070e600000|  0%| F|  |TAMS 0x000000070e400000, 0x000000070e400000| Untracked 
|  88|0x000000070e600000, 0x000000070e600000, 0x000000070e800000|  0%| F|  |TAMS 0x000000070e600000, 0x000000070e600000| Untracked 
|  89|0x000000070e800000, 0x000000070e800000, 0x000000070ea00000|  0%| F|  |TAMS 0x000000070e800000, 0x000000070e800000| Untracked 
|  90|0x000000070ea00000, 0x000000070ea00000, 0x000000070ec00000|  0%| F|  |TAMS 0x000000070ea00000, 0x000000070ea00000| Untracked 
|  91|0x000000070ec00000, 0x000000070ec00000, 0x000000070ee00000|  0%| F|  |TAMS 0x000000070ec00000, 0x000000070ec00000| Untracked 
|  92|0x000000070ee00000, 0x000000070ee00000, 0x000000070f000000|  0%| F|  |TAMS 0x000000070ee00000, 0x000000070ee00000| Untracked 
|  93|0x000000070f000000, 0x000000070f000000, 0x000000070f200000|  0%| F|  |TAMS 0x000000070f000000, 0x000000070f000000| Untracked 
|  94|0x000000070f200000, 0x000000070f200000, 0x000000070f400000|  0%| F|  |TAMS 0x000000070f200000, 0x000000070f200000| Untracked 
|  95|0x000000070f400000, 0x000000070f400000, 0x000000070f600000|  0%| F|  |TAMS 0x000000070f400000, 0x000000070f400000| Untracked 
|  96|0x000000070f600000, 0x000000070f600000, 0x000000070f800000|  0%| F|  |TAMS 0x000000070f600000, 0x000000070f600000| Untracked 
|  97|0x000000070f800000, 0x000000070f800000, 0x000000070fa00000|  0%| F|  |TAMS 0x000000070f800000, 0x000000070f800000| Untracked 
|  98|0x000000070fa00000, 0x000000070fa00000, 0x000000070fc00000|  0%| F|  |TAMS 0x000000070fa00000, 0x000000070fa00000| Untracked 
|  99|0x000000070fc00000, 0x000000070fc00000, 0x000000070fe00000|  0%| F|  |TAMS 0x000000070fc00000, 0x000000070fc00000| Untracked 
| 100|0x000000070fe00000, 0x000000070fe00000, 0x0000000710000000|  0%| F|  |TAMS 0x000000070fe00000, 0x000000070fe00000| Untracked 
| 101|0x0000000710000000, 0x0000000710000000, 0x0000000710200000|  0%| F|  |TAMS 0x0000000710000000, 0x0000000710000000| Untracked 
| 102|0x0000000710200000, 0x0000000710200000, 0x0000000710400000|  0%| F|  |TAMS 0x0000000710200000, 0x0000000710200000| Untracked 
| 103|0x0000000710400000, 0x0000000710400000, 0x0000000710600000|  0%| F|  |TAMS 0x0000000710400000, 0x0000000710400000| Untracked 
| 104|0x0000000710600000, 0x0000000710600000, 0x0000000710800000|  0%| F|  |TAMS 0x0000000710600000, 0x0000000710600000| Untracked 
| 105|0x0000000710800000, 0x0000000710800000, 0x0000000710a00000|  0%| F|  |TAMS 0x0000000710800000, 0x0000000710800000| Untracked 
| 106|0x0000000710a00000, 0x0000000710a00000, 0x0000000710c00000|  0%| F|  |TAMS 0x0000000710a00000, 0x0000000710a00000| Untracked 
| 107|0x0000000710c00000, 0x0000000710c00000, 0x0000000710e00000|  0%| F|  |TAMS 0x0000000710c00000, 0x0000000710c00000| Untracked 
| 108|0x0000000710e00000, 0x0000000710e00000, 0x0000000711000000|  0%| F|  |TAMS 0x0000000710e00000, 0x0000000710e00000| Untracked 
| 109|0x0000000711000000, 0x0000000711000000, 0x0000000711200000|  0%| F|  |TAMS 0x0000000711000000, 0x0000000711000000| Untracked 
| 110|0x0000000711200000, 0x0000000711200000, 0x0000000711400000|  0%| F|  |TAMS 0x0000000711200000, 0x0000000711200000| Untracked 
| 111|0x0000000711400000, 0x0000000711400000, 0x0000000711600000|  0%| F|  |TAMS 0x0000000711400000, 0x0000000711400000| Untracked 
| 112|0x0000000711600000, 0x0000000711600000, 0x0000000711800000|  0%| F|  |TAMS 0x0000000711600000, 0x0000000711600000| Untracked 
| 113|0x0000000711800000, 0x0000000711800000, 0x0000000711a00000|  0%| F|  |TAMS 0x0000000711800000, 0x0000000711800000| Untracked 
| 114|0x0000000711a00000, 0x0000000711a00000, 0x0000000711c00000|  0%| F|  |TAMS 0x0000000711a00000, 0x0000000711a00000| Untracked 
| 115|0x0000000711c00000, 0x0000000711c00000, 0x0000000711e00000|  0%| F|  |TAMS 0x0000000711c00000, 0x0000000711c00000| Untracked 
| 116|0x0000000711e00000, 0x0000000711e00000, 0x0000000712000000|  0%| F|  |TAMS 0x0000000711e00000, 0x0000000711e00000| Untracked 
| 117|0x0000000712000000, 0x0000000712000000, 0x0000000712200000|  0%| F|  |TAMS 0x0000000712000000, 0x0000000712000000| Untracked 
| 118|0x0000000712200000, 0x0000000712400000, 0x0000000712400000|100%| E|  |TAMS 0x0000000712200000, 0x0000000712200000| Complete 
| 119|0x0000000712400000, 0x0000000712600000, 0x0000000712600000|100%| E|CS|TAMS 0x0000000712400000, 0x0000000712400000| Complete 
| 120|0x0000000712600000, 0x0000000712800000, 0x0000000712800000|100%| E|CS|TAMS 0x0000000712600000, 0x0000000712600000| Complete 
| 121|0x0000000712800000, 0x0000000712a00000, 0x0000000712a00000|100%| E|CS|TAMS 0x0000000712800000, 0x0000000712800000| Complete 
| 122|0x0000000712a00000, 0x0000000712c00000, 0x0000000712c00000|100%| E|CS|TAMS 0x0000000712a00000, 0x0000000712a00000| Complete 
| 123|0x0000000712c00000, 0x0000000712e00000, 0x0000000712e00000|100%| E|CS|TAMS 0x0000000712c00000, 0x0000000712c00000| Complete 
| 124|0x0000000712e00000, 0x0000000713000000, 0x0000000713000000|100%| E|  |TAMS 0x0000000712e00000, 0x0000000712e00000| Complete 
| 125|0x0000000713000000, 0x0000000713200000, 0x0000000713200000|100%| E|CS|TAMS 0x0000000713000000, 0x0000000713000000| Complete 
| 126|0x0000000713200000, 0x0000000713400000, 0x0000000713400000|100%| E|CS|TAMS 0x0000000713200000, 0x0000000713200000| Complete 

Card table byte_map: [0x000001d28d730000,0x000001d28df20000] _byte_map_base: 0x000001d289f15000

Marking Bits (Prev, Next): (CMBitMap*) 0x000001d2826280b0, (CMBitMap*) 0x000001d2826280f0
 Prev Bits: [0x000001d28e710000, 0x000001d292638000)
 Next Bits: [0x000001d292640000, 0x000001d296568000)

Polling page: 0x000001d2804f0000

Metaspace:

Usage:
  Non-class:      5.12 MB used.
      Class:    735.89 KB used.
       Both:      5.84 MB used.

Virtual space:
  Non-class space:        8.00 MB reserved,       5.19 MB ( 65%) committed,  1 nodes.
      Class space:        1.00 GB reserved,     768.00 KB ( <1%) committed,  1 nodes.
             Both:        1.01 GB reserved,       5.94 MB ( <1%) committed. 

Chunk freelists:
   Non-Class:  2.05 MB
       Class:  3.12 MB
        Both:  5.17 MB

MaxMetaspaceSize: unlimited
CompressedClassSpaceSize: 1.00 GB
Initial GC threshold: 21.00 MB
Current GC threshold: 21.00 MB
CDS: on
MetaspaceReclaimPolicy: balanced
 - commit_granule_bytes: 65536.
 - commit_granule_words: 8192.
 - virtual_space_node_default_size: 1048576.
 - enlarge_chunks_in_place: 1.
 - new_chunks_are_fully_committed: 0.
 - uncommit_free_chunks: 1.
 - use_allocation_guard: 0.
 - handle_deallocations: 1.


Internal statistics:

num_allocs_failed_limit: 0.
num_arena_births: 98.
num_arena_deaths: 0.
num_vsnodes_births: 2.
num_vsnodes_deaths: 0.
num_space_committed: 95.
num_space_uncommitted: 0.
num_chunks_returned_to_freelist: 0.
num_chunks_taken_from_freelist: 161.
num_chunk_merges: 0.
num_chunk_splits: 106.
num_chunks_enlarged: 67.
num_purges: 0.
num_inconsistent_stats: 0.

CodeCache: size=49152Kb used=3723Kb max_used=3723Kb free=45428Kb
 bounds [0x000001d289e30000, 0x000001d28a220000, 0x000001d28ce30000]
 total_blobs=1491 nmethods=1038 adapters=379
 compilation: disabled (not enough contiguous free space left)
              stopped_count=1, restarted_count=0
 full_count=1

Compilation events (20 events):
Event: 0.978 Thread 0x000001d299c30d00 nmethod 989 0x000001d28a1b8610 code [0x000001d28a1b87a0, 0x000001d28a1b88c8]
Event: 0.978 Thread 0x000001d299c30d00  991       1       java.util.zip.CRC32::updateBytes (14 bytes)
Event: 0.978 Thread 0x000001d299c30d00 nmethod 991 0x000001d28a1b8990 code [0x000001d28a1b8b20, 0x000001d28a1b8c08]
Event: 0.978 Thread 0x000001d299c30d00  992       1       java.util.zip.CRC32::updateBytesCheck (55 bytes)
Event: 0.978 Thread 0x000001d299d19b20 nmethod 990 0x000001d28a1b8c90 code [0x000001d28a1b8e40, 0x000001d28a1b90c8]
Event: 0.978 Thread 0x000001d299d19b20  993       1       sun.util.calendar.ZoneInfoFile$Checksum::update (39 bytes)
Event: 0.979 Thread 0x000001d299c30d00 nmethod 992 0x000001d28a1b9210 code [0x000001d28a1b93e0, 0x000001d28a1b96e8]
Event: 0.979 Thread 0x000001d299d19b20 nmethod 993 0x000001d28a1b9890 code [0x000001d28a1b9a20, 0x000001d28a1b9bc8]
Event: 0.979 Thread 0x000001d299c30d00  994       1       sun.util.locale.StringTokenIterator::isDone (5 bytes)
Event: 0.979 Thread 0x000001d299c30d00 nmethod 994 0x000001d28a1b9f90 code [0x000001d28a1ba120, 0x000001d28a1ba1f8]
Event: 0.980 Thread 0x000001d299d19b20  995       1       sun.util.locale.LocaleUtils::toLower (17 bytes)
Event: 0.980 Thread 0x000001d299c30d00  996       1       java.util.Collections$EmptyList::isEmpty (2 bytes)
Event: 0.980 Thread 0x000001d299c30d00 nmethod 996 0x000001d28a1ba290 code [0x000001d28a1ba420, 0x000001d28a1ba4f8]
Event: 0.980 Thread 0x000001d299c30d00  998       1       java.util.Collections::emptyList (4 bytes)
Event: 0.980 Thread 0x000001d299c30d00 nmethod 998 0x000001d28a1ba590 code [0x000001d28a1ba720, 0x000001d28a1ba7d8]
Event: 0.980 Thread 0x000001d299c30d00  997       1       sun.util.locale.BaseLocale::getVariant (5 bytes)
Event: 0.980 Thread 0x000001d299c30d00 nmethod 997 0x000001d28a1ba890 code [0x000001d28a1baa20, 0x000001d28a1baaf8]
Event: 0.980 Thread 0x000001d299c30d00  999       1       sun.util.locale.BaseLocale::getRegion (5 bytes)
Event: 0.980 Thread 0x000001d299c30d00 nmethod 999 0x000001d28a1bab90 code [0x000001d28a1bad20, 0x000001d28a1badf8]
Event: 0.980 Thread 0x000001d299c30d00 1002       1       sun.util.locale.LocaleUtils::isAlpha (30 bytes)

GC Heap History (0 events):
No events

Deoptimization events (0 events):
No events

Classes unloaded (0 events):
No events

Classes redefined (0 events):
No events

Internal exceptions (13 events):
Event: 0.612 Thread 0x000001d2825bc740 Exception <a 'java/lang/NoSuchMethodError'{0x0000000712d1d338}: 'java.lang.Object java.lang.invoke.DirectMethodHandle$Holder.invokeStaticInit(java.lang.Object)'> (0x0000000712d1d338) 
thrown [s\open\src\hotspot\share\interpreter\linkResolver.cpp, line 759]
Event: 0.633 Thread 0x000001d2825bc740 Exception <a 'java/lang/NoSuchMethodError'{0x0000000712d48aa0}: 'int java.lang.invoke.DirectMethodHandle$Holder.invokeInterface(java.lang.Object, java.lang.Object)'> (0x0000000712d48aa0) 
thrown [s\open\src\hotspot\share\interpreter\linkResolver.cpp, line 759]
Event: 0.633 Thread 0x000001d2825bc740 Exception <a 'java/lang/IncompatibleClassChangeError'{0x0000000712d4c0a0}: Found class java.lang.Object, but interface was expected> (0x0000000712d4c0a0) 
thrown [s\open\src\hotspot\share\interpreter\linkResolver.cpp, line 826]
Event: 0.635 Thread 0x000001d2825bc740 Exception <a 'java/lang/NoSuchMethodError'{0x0000000712d51ce0}: 'void java.lang.invoke.DirectMethodHandle$Holder.invokeStatic(java.lang.Object, java.lang.Object)'> (0x0000000712d51ce0) 
thrown [s\open\src\hotspot\share\interpreter\linkResolver.cpp, line 759]
Event: 0.683 Thread 0x000001d2825bc740 Exception <a 'java/lang/NoSuchMethodError'{0x0000000712a1ec10}: 'int java.lang.invoke.DirectMethodHandle$Holder.invokeSpecial(java.lang.Object, java.lang.Object, java.lang.Object)'> (0x0000000712a1ec10) 
thrown [s\open\src\hotspot\share\interpreter\linkResolver.cpp, line 759]
Event: 0.728 Thread 0x000001d2825bc740 Exception <a 'java/lang/NoSuchMethodError'{0x0000000712b1cd48}: 'void java.lang.invoke.DirectMethodHandle$Holder.invokeStatic(java.lang.Object, java.lang.Object, java.lang.Object)'> (0x0000000712b1cd48) 
thrown [s\open\src\hotspot\share\interpreter\linkResolver.cpp, line 759]
Event: 0.767 Thread 0x000001d2825bc740 Exception <a 'java/lang/NoSuchMethodError'{0x0000000712b61f98}: 'int java.lang.invoke.DirectMethodHandle$Holder.invokeSpecialIFC(java.lang.Object, java.lang.Object, java.lang.Object)'> (0x0000000712b61f98) 
thrown [s\open\src\hotspot\share\interpreter\linkResolver.cpp, line 759]
Event: 0.790 Thread 0x000001d2825bc740 Exception <a 'java/lang/NoSuchMethodError'{0x0000000712bd7b18}: 'java.lang.Object java.lang.invoke.DirectMethodHandle$Holder.invokeStaticInit(java.lang.Object, int, int, int, int)'> (0x0000000712bd7b18) 
thrown [s\open\src\hotspot\share\interpreter\linkResolver.cpp, line 759]
Event: 0.852 Thread 0x000001d2825bc740 Exception <a 'java/lang/NoSuchMethodError'{0x00000007128ad4f8}: 'java.lang.Object java.lang.invoke.DirectMethodHandle$Holder.invokeStaticInit(java.lang.Object, java.lang.Object, int, int, int, int)'> (0x00000007128ad4f8) 
thrown [s\open\src\hotspot\share\interpreter\linkResolver.cpp, line 759]
Event: 0.861 Thread 0x000001d2825bc740 Exception <a 'java/lang/ClassNotFoundException'{0x00000007128c8c70}: javax/management/remote/rmi/RMIServerImpl_Skel> (0x00000007128c8c70) 
thrown [s\open\src\hotspot\share\classfile\systemDictionary.cpp, line 256]
Event: 0.892 Thread 0x000001d2825bc740 Exception <a 'java/lang/ClassNotFoundException'{0x0000000712610658}: jdk/internal/agent/resources/spi/agentProvider> (0x0000000712610658) 
thrown [s\open\src\hotspot\share\classfile\systemDictionary.cpp, line 256]
Event: 0.959 Thread 0x000001d2825bc740 Exception <a 'java/lang/ClassNotFoundException'{0x00000007124510c8}: javax/smartcardio/CardPermission> (0x00000007124510c8) 
thrown [s\open\src\hotspot\share\classfile\systemDictionary.cpp, line 256]
Event: 0.961 Thread 0x000001d2825bc740 Exception <a 'java/io/FileNotFoundException'{0x000000071245f610}> (0x000000071245f610) 
thrown [s\open\src\hotspot\share\prims\jni.cpp, line 516]

VM Operations (8 events):
Event: 0.139 Executing VM operation: HandshakeAllThreads
Event: 0.139 Executing VM operation: HandshakeAllThreads done
Event: 0.736 Executing VM operation: HandshakeAllThreads
Event: 0.736 Executing VM operation: HandshakeAllThreads done
Event: 0.765 Executing VM operation: HandshakeAllThreads
Event: 0.765 Executing VM operation: HandshakeAllThreads done
Event: 0.780 Executing VM operation: HandshakeAllThreads
Event: 0.780 Executing VM operation: HandshakeAllThreads done

Events (20 events):
Event: 0.962 loading class java/util/PropertyPermissionCollection$1
Event: 0.962 loading class java/util/PropertyPermissionCollection$1 done
Event: 0.962 loading class sun/net/www/protocol/file/FileURLConnection
Event: 0.962 loading class sun/net/www/URLConnection
Event: 0.962 loading class java/net/URLConnection
Event: 0.963 loading class java/net/URLConnection done
Event: 0.963 loading class sun/net/www/URLConnection done
Event: 0.963 loading class sun/net/www/protocol/file/FileURLConnection done
Event: 0.963 loading class sun/net/www/MessageHeader
Event: 0.963 loading class sun/net/www/MessageHeader done
Event: 0.963 loading class java/io/FilePermissionCollection
Event: 0.963 loading class java/io/FilePermissionCollection done
Event: 0.963 loading class java/io/FilePermissionCollection$1
Event: 0.963 loading class java/io/FilePermissionCollection$1 done
Event: 0.963 loading class java/security/PermissionsEnumerator
Event: 0.963 loading class java/security/PermissionsEnumerator done
Event: 0.963 loading class java/security/AccessControlException
Event: 0.963 loading class java/security/AccessControlException done
Event: 0.978 loading class sun/util/calendar/ZoneInfoFile$Checksum
Event: 0.978 loading class sun/util/calendar/ZoneInfoFile$Checksum done


Dynamic libraries:
0x00007ff71a460000 - 0x00007ff71a470000 	C:\Program Files\Java\jdk-17.0.4\bin\javaw.exe
0x00007ffb27d40000 - 0x00007ffb27f49000 	C:\Windows\SYSTEM32\ntdll.dll
0x00007ffb266b0000 - 0x00007ffb2676d000 	C:\Windows\System32\KERNEL32.DLL
0x00007ffb252d0000 - 0x00007ffb2564d000 	C:\Windows\System32\KERNELBASE.dll
0x00007ffb25880000 - 0x00007ffb25991000 	C:\Windows\System32\ucrtbase.dll
0x00007ffad5420000 - 0x00007ffad543a000 	C:\Program Files\Java\jdk-17.0.4\bin\VCRUNTIME140.dll
0x00007ffad5400000 - 0x00007ffad5418000 	C:\Program Files\Java\jdk-17.0.4\bin\jli.dll
0x00007ffb26a80000 - 0x00007ffb26b2e000 	C:\Windows\System32\ADVAPI32.dll
0x00007ffb27790000 - 0x00007ffb27833000 	C:\Windows\System32\msvcrt.dll
0x00007ffb267d0000 - 0x00007ffb2686e000 	C:\Windows\System32\sechost.dll
0x00007ffb25bd0000 - 0x00007ffb25cf0000 	C:\Windows\System32\RPCRT4.dll
0x00007ffb275e0000 - 0x00007ffb2778d000 	C:\Windows\System32\USER32.dll
0x00007ffb25220000 - 0x00007ffb25246000 	C:\Windows\System32\win32u.dll
0x00007ffb26680000 - 0x00007ffb266a9000 	C:\Windows\System32\GDI32.dll
0x00007ffb25650000 - 0x00007ffb25768000 	C:\Windows\System32\gdi32full.dll
0x00007ffb25770000 - 0x00007ffb2580d000 	C:\Windows\System32\msvcp_win.dll
0x00007ffb19ba0000 - 0x00007ffb19baa000 	C:\Windows\SYSTEM32\VERSION.dll
0x00007ffb032a0000 - 0x00007ffb03545000 	C:\Windows\WinSxS\amd64_microsoft.windows.common-controls_6595b64144ccf1df_6.0.22000.120_none_9d947278b86cc467\COMCTL32.dll
0x00007ffb27cc0000 - 0x00007ffb27cf1000 	C:\Windows\System32\IMM32.DLL
0x00007ffb1e140000 - 0x00007ffb1e14c000 	C:\Program Files\Java\jdk-17.0.4\bin\vcruntime140_1.dll
0x00007ffad5370000 - 0x00007ffad53fd000 	C:\Program Files\Java\jdk-17.0.4\bin\msvcp140.dll
0x00007ffac35e0000 - 0x00007ffac41a2000 	C:\Program Files\Java\jdk-17.0.4\bin\server\jvm.dll
0x00007ffb261b0000 - 0x00007ffb261b8000 	C:\Windows\System32\PSAPI.DLL
0x00007ffb1bec0000 - 0x00007ffb1bef3000 	C:\Windows\SYSTEM32\WINMM.dll
0x00007ffafeba0000 - 0x00007ffafeba9000 	C:\Windows\SYSTEM32\WSOCK32.dll
0x00007ffb26610000 - 0x00007ffb2667f000 	C:\Windows\System32\WS2_32.dll
0x00007ffb24320000 - 0x00007ffb24338000 	C:\Windows\SYSTEM32\kernel.appcore.dll
0x00007ffaf2db0000 - 0x00007ffaf2dba000 	C:\Program Files\Java\jdk-17.0.4\bin\jimage.dll
0x00007ffb1fd30000 - 0x00007ffb1ff51000 	C:\Windows\SYSTEM32\DBGHELP.DLL
0x00007ffb00640000 - 0x00007ffb00671000 	C:\Windows\SYSTEM32\dbgcore.DLL
0x00007ffb25250000 - 0x00007ffb252cf000 	C:\Windows\System32\bcryptPrimitives.dll
0x00007ffac35b0000 - 0x00007ffac35d5000 	C:\Program Files\Java\jdk-17.0.4\bin\java.dll
0x00007ffaacbd0000 - 0x00007ffaacca6000 	C:\Program Files\Java\jdk-17.0.4\bin\jsvml.dll
0x00007ffb26d30000 - 0x00007ffb274e8000 	C:\Windows\System32\SHELL32.dll
0x00007ffb23390000 - 0x00007ffb23bf8000 	C:\Windows\SYSTEM32\windows.storage.dll
0x00007ffb26230000 - 0x00007ffb265a9000 	C:\Windows\System32\combase.dll
0x00007ffb23220000 - 0x00007ffb23386000 	C:\Windows\SYSTEM32\wintypes.dll
0x00007ffb26990000 - 0x00007ffb26a7a000 	C:\Windows\System32\SHCORE.dll
0x00007ffb265b0000 - 0x00007ffb2660d000 	C:\Windows\System32\shlwapi.dll
0x00007ffb25150000 - 0x00007ffb25171000 	C:\Windows\SYSTEM32\profapi.dll
0x00007ffaacb90000 - 0x00007ffaacba9000 	C:\Program Files\Java\jdk-17.0.4\bin\net.dll
0x00007ffb1bb20000 - 0x00007ffb1bc2c000 	C:\Windows\SYSTEM32\WINHTTP.dll
0x00007ffb24750000 - 0x00007ffb247b7000 	C:\Windows\system32\mswsock.dll
0x00007ffaacb70000 - 0x00007ffaacb86000 	C:\Program Files\Java\jdk-17.0.4\bin\nio.dll
0x00007ffaacbb0000 - 0x00007ffaacbc8000 	C:\Program Files\Java\jdk-17.0.4\bin\zip.dll
0x00007ffb0a460000 - 0x00007ffb0a469000 	C:\Program Files\Java\jdk-17.0.4\bin\management.dll
0x00007ffb0a450000 - 0x00007ffb0a45b000 	C:\Program Files\Java\jdk-17.0.4\bin\management_ext.dll
0x00007ffafda40000 - 0x00007ffafda57000 	C:\Windows\system32\napinsp.dll
0x00007ffafda60000 - 0x00007ffafda7b000 	C:\Windows\system32\pnrpnsp.dll
0x00007ffb23ec0000 - 0x00007ffb23fa8000 	C:\Windows\SYSTEM32\DNSAPI.dll
0x00007ffb23e50000 - 0x00007ffb23e7d000 	C:\Windows\SYSTEM32\IPHLPAPI.DLL
0x00007ffb26b30000 - 0x00007ffb26b39000 	C:\Windows\System32\NSI.dll
0x00007ffafd7c0000 - 0x00007ffafd7d2000 	C:\Windows\System32\winrnr.dll
0x00007ffb1a590000 - 0x00007ffb1a5a5000 	C:\Windows\system32\wshbth.dll
0x00007ffafd7a0000 - 0x00007ffafd7bf000 	C:\Windows\system32\nlansp_c.dll
0x00007ffb0eb00000 - 0x00007ffb0eb0a000 	C:\Windows\System32\rasadhlp.dll
0x00007ffb19750000 - 0x00007ffb197d1000 	C:\Windows\System32\fwpuclnt.dll
0x00007ffb24990000 - 0x00007ffb249a8000 	C:\Windows\SYSTEM32\CRYPTSP.dll
0x00007ffb24280000 - 0x00007ffb242b5000 	C:\Windows\system32\rsaenh.dll
0x00007ffb24840000 - 0x00007ffb24869000 	C:\Windows\SYSTEM32\USERENV.dll
0x00007ffb24b10000 - 0x00007ffb24b37000 	C:\Windows\SYSTEM32\bcrypt.dll
0x00007ffb249b0000 - 0x00007ffb249bc000 	C:\Windows\SYSTEM32\CRYPTBASE.dll
0x00007ffb1af10000 - 0x00007ffb1af29000 	C:\Windows\SYSTEM32\dhcpcsvc6.DLL
0x00007ffb1bea0000 - 0x00007ffb1bebe000 	C:\Windows\SYSTEM32\dhcpcsvc.DLL
0x00007ffad5350000 - 0x00007ffad5360000 	C:\Program Files\Java\jdk-17.0.4\bin\verify.dll

dbghelp: loaded successfully - version: 4.0.5 - missing functions: none
symbol engine: initialized successfully - sym options: 0x614 - pdb path: .;C:\Program Files\Java\jdk-17.0.4\bin;C:\Windows\SYSTEM32;C:\Windows\WinSxS\amd64_microsoft.windows.common-controls_6595b64144ccf1df_6.0.22000.120_none_9d947278b86cc467;C:\Program Files\Java\jdk-17.0.4\bin\server

VM Arguments:
jvm_args: -Dcom.sun.management.jmxremote -Dcom.sun.management.jmxremote.port=61292 -Dcom.sun.management.jmxremote.authenticate=false -Dcom.sun.management.jmxremote.ssl=false -Djava.rmi.server.hostname=localhost -Dspring.jmx.enabled=true -Dspring.application.admin.enabled=true -XX:TieredStopAtLevel=1 -Dspring.boot.project.name=stagePotatoes -Dfile.encoding=UTF-8 -XX:+ShowCodeDetailsInExceptionMessages 
java_command: com.potatoes.StagePotatoesApplication
java_class_path (initial): D:\workStage\stagePotatoes\target\classes;C:\Users\Asmab\.m2\repository\org\springframework\boot\spring-boot-starter-data-jpa\2.7.3\spring-boot-starter-data-jpa-2.7.3.jar;C:\Users\Asmab\.m2\repository\org\springframework\boot\spring-boot-starter-aop\2.7.3\spring-boot-starter-aop-2.7.3.jar;C:\Users\Asmab\.m2\repository\org\aspectj\aspectjweaver\1.9.7\aspectjweaver-1.9.7.jar;C:\Users\Asmab\.m2\repository\org\springframework\boot\spring-boot-starter-jdbc\2.7.3\spring-boot-starter-jdbc-2.7.3.jar;C:\Users\Asmab\.m2\repository\com\zaxxer\HikariCP\4.0.3\HikariCP-4.0.3.jar;C:\Users\Asmab\.m2\repository\org\springframework\spring-jdbc\5.3.22\spring-jdbc-5.3.22.jar;C:\Users\Asmab\.m2\repository\jakarta\transaction\jakarta.transaction-api\1.3.3\jakarta.transaction-api-1.3.3.jar;C:\Users\Asmab\.m2\repository\jakarta\persistence\jakarta.persistence-api\2.2.3\jakarta.persistence-api-2.2.3.jar;C:\Users\Asmab\.m2\repository\org\hibernate\hibernate-core\5.6.10.Final\hibernate-core-5.6.10.Final.jar;C:\Users\Asmab\.m2\repository\org\jboss\logging\jboss-logging\3.4.3.Final\jboss-logging-3.4.3.Final.jar;C:\Users\Asmab\.m2\repository\net\bytebuddy\byte-buddy\1.12.13\byte-buddy-1.12.13.jar;C:\Users\Asmab\.m2\repository\antlr\antlr\2.7.7\antlr-2.7.7.jar;C:\Users\Asmab\.m2\repository\org\jboss\jandex\2.4.2.Final\jandex-2.4.2.Final.jar;C:\Users\Asmab\.m2\repository\com\fasterxml\classmate\1.5.1\classmate-1.5.1.jar;C:\Users\Asmab\.m2\repository\org\hibernate\common\hibernate-commons-annotations\5.1.2.Final\hibernate-commons-annotations-5.1.2.Final.jar;C:\Users\Asmab\.m2\repository\org\glassfish\jaxb\jaxb-runtime\2.3.6\jaxb-runtime-2.3.6.jar;C:\Users\Asmab\.m2\repository\org\glassfish\jaxb\txw2\2.3.6\txw2-2.3.6.jar;C:\Users\Asmab\.m2\repository\com\sun\istack\istack-commons-runtime\3.0.12\istack-commons-runtime-3.0.12.jar;C:\Users\Asmab\.m2\repository\com\sun\activation\jakarta.activation\1.2.2\jakarta.activation-1.2.2.jar;C:\Users\Asmab\.m2\repository\org\springfr
Launcher Type: SUN_STANDARD

[Global flags]
     intx CICompilerCount                          = 4                                         {product} {ergonomic}
     uint ConcGCThreads                            = 2                                         {product} {ergonomic}
     uint G1ConcRefinementThreads                  = 8                                         {product} {ergonomic}
   size_t G1HeapRegionSize                         = 2097152                                   {product} {ergonomic}
    uintx GCDrainStackTargetSize                   = 64                                        {product} {ergonomic}
   size_t InitialHeapSize                          = 266338304                                 {product} {ergonomic}
     bool ManagementServer                         = true                                      {product} {command line}
   size_t MarkStackSize                            = 4194304                                   {product} {ergonomic}
   size_t MaxHeapSize                              = 4238344192                                {product} {ergonomic}
   size_t MaxNewSize                               = 2541748224                                {product} {ergonomic}
   size_t MinHeapDeltaBytes                        = 2097152                                   {product} {ergonomic}
   size_t MinHeapSize                              = 8388608                                   {product} {ergonomic}
    uintx NonProfiledCodeHeapSize                  = 0                                      {pd product} {ergonomic}
     bool ProfileInterpreter                       = false                                  {pd product} {command line}
    uintx ProfiledCodeHeapSize                     = 0                                      {pd product} {ergonomic}
     bool ShowCodeDetailsInExceptionMessages       = true                                   {manageable} {command line}
   size_t SoftMaxHeapSize                          = 4238344192                             {manageable} {ergonomic}
     intx TieredStopAtLevel                        = 1                                         {product} {command line}
     bool UseCompressedClassPointers               = true                           {product lp64_product} {ergonomic}
     bool UseCompressedOops                        = true                           {product lp64_product} {ergonomic}
     bool UseG1GC                                  = true                                      {product} {ergonomic}
     bool UseLargePagesIndividualAllocation        = false                                  {pd product} {ergonomic}

Logging:
Log output configuration:
 #0: stdout all=warning uptime,level,tags
 #1: stderr all=off uptime,level,tags

Environment Variables:
JAVA_HOME=C:\Program Files\Java\jdk-17.0.4
PATH=C:\Program Files\Common Files\Oracle\Java\javapath;C:\Program Files (x86)\Common Files\Oracle\Java\javapath;C:\Windows\system32;C:\Windows;C:\Windows\System32\Wbem;C:\Windows\System32\WindowsPowerShell\v1.0\;C:\Windows\System32\OpenSSH\;C:\Users\Asmab\AppData\Local\Microsoft\WindowsApps;
USERNAME=Asmab
OS=Windows_NT
PROCESSOR_IDENTIFIER=Intel64 Family 6 Model 126 Stepping 5, GenuineIntel



---------------  S Y S T E M  ---------------

OS:
 Windows 11 , 64 bit Build 22000 (10.0.22000.708)
OS uptime: 3 days 0:40 hours

CPU: total 8 (initial active 8) (4 cores per cpu, 2 threads per core) family 6 model 126 stepping 5 microcode 0x86, cx8, cmov, fxsr, ht, mmx, 3dnowpref, sse, sse2, sse3, ssse3, sse4.1, sse4.2, popcnt, lzcnt, tsc, tscinvbit, avx, avx2, aes, erms, clmul, bmi1, bmi2, adx, avx512f, avx512dq, avx512cd, avx512bw, avx512vl, sha, fma, vzeroupper, avx512_vpopcntdq, avx512_vpclmulqdq, avx512_vaes, avx512_vnni, clflush, clflushopt, avx512_vbmi2, avx512_vbmi

Memory: 4k page, system-wide physical 16165M (1160M free)
TotalPageFile size 31292M (AvailPageFile size 0M)
current process WorkingSet (physical memory assigned to process): 63M, peak: 63M
current process commit charge ("private bytes"): 351M, peak: 351M

vm_info: Java HotSpot(TM) 64-Bit Server VM (17.0.4+11-LTS-179) for windows-amd64 JRE (17.0.4+11-LTS-179), built on Jun 28 2022 08:23:05 by "mach5one" with MS VC++ 16.8 / 16.9 (VS2019)

END.
