#
# There is insufficient memory for the Java Runtime Environment to continue.
# Native memory allocation (mmap) failed to map 266338304 bytes for G1 virtual space
# Possible reasons:
#   The system is out of physical RAM or swap space
#   The process is running with CompressedOops enabled, and the Java Heap may be blocking the growth of the native heap
# Possible solutions:
#   Reduce memory load on the system
#   Increase physical memory or swap space
#   Check if swap backing store is full
#   Decrease Java heap size (-Xmx/-Xms)
#   Decrease number of Java threads
#   Decrease Java thread stack sizes (-Xss)
#   Set larger code cache with -XX:ReservedCodeCacheSize=
#   JVM is running with Zero Based Compressed Oops mode in which the Java heap is
#     placed in the first 32GB address space. The Java Heap base address is the
#     maximum limit for the native heap growth. Please use -XX:HeapBaseMinAddress
#     to set the Java Heap base and to place the Java Heap above 32GB virtual address.
# This output file may be truncated or incomplete.
#
#  Out of Memory Error (os_windows.cpp:3535), pid=46912, tid=17872
#
# JRE version:  (17.0.4+11) (build )
# Java VM: Java HotSpot(TM) 64-Bit Server VM (17.0.4+11-LTS-179, mixed mode, emulated-client, sharing, tiered, compressed oops, compressed class ptrs, g1 gc, windows-amd64)
# No core dump will be written. Minidumps are not enabled by default on client versions of Windows
#

---------------  S U M M A R Y ------------

Command Line: -Dcom.sun.management.jmxremote -Dcom.sun.management.jmxremote.port=61542 -Dcom.sun.management.jmxremote.authenticate=false -Dcom.sun.management.jmxremote.ssl=false -Djava.rmi.server.hostname=localhost -Dspring.jmx.enabled=true -Dspring.application.admin.enabled=true -XX:TieredStopAtLevel=1 -Dspring.boot.project.name=stagePotatoes -Dfile.encoding=UTF-8 -XX:+ShowCodeDetailsInExceptionMessages com.potatoes.StagePotatoesApplication

Host: Intel(R) Core(TM) i7-1065G7 CPU @ 1.30GHz, 8 cores, 15G,  Windows 11 , 64 bit Build 22000 (10.0.22000.708)
Time: Thu Sep  8 04:46:39 2022 Paris, Madrid (heure duild 22000 (10.0.22000.708) elapsed time: 0.022480 seconds (0d 0h 0m 0s)

---------------  T H R E A D  ---------------

Current thread (0x0000014e3922e0c0):  JavaThread "Unknown thread" [_thread_in_vm, id=17872, stack(0x00000022b6400000,0x00000022b6500000)]

Stack: [0x00000022b6400000,0x00000022b6500000]
Native frames: (J=compiled Java code, j=interpreted, Vv=VM code, C=native code)
V  [jvm.dll+0x6723da]
V  [jvm.dll+0x7d1f74]
V  [jvm.dll+0x7d371e]
V  [jvm.dll+0x7d3d83]
V  [jvm.dll+0x242ed5]
V  [jvm.dll+0x66f2f9]
V  [jvm.dll+0x663c42]
V  [jvm.dll+0x30103b]
V  [jvm.dll+0x3085d6]
V  [jvm.dll+0x35844e]
V  [jvm.dll+0x35867f]
V  [jvm.dll+0x2d8258]
V  [jvm.dll+0x2d91c4]
V  [jvm.dll+0x7a3a51]
V  [jvm.dll+0x3662a1]
V  [jvm.dll+0x782dcc]
V  [jvm.dll+0x3e8bff]
V  [jvm.dll+0x3ea6a1]
C  [jli.dll+0x527b]
C  [ucrtbase.dll+0x26c0c]
C  [KERNEL32.DLL+0x154e0]
C  [ntdll.dll+0x485b]


---------------  P R O C E S S  ---------------

Threads class SMR info:
_java_thread_list=0x00007ffac407a858, length=0, elements={
}

Java Threads: ( => current thread )

Other Threads:
  0x0000014e3b375ed0 GCTaskThread "GC Thread#0" [stack: 0x00000022b6500000,0x00000022b6600000] [id=46508]
  0x0000014e3b386aa0 ConcurrentGCThread "G1 Main Marker" [stack: 0x00000022b6600000,0x00000022b6700000] [id=28860]
  0x0000014e3b388dc0 ConcurrentGCThread "G1 Conc#0" [stack: 0x00000022b6700000,0x00000022b6800000] [id=13008]

[error occurred during error reporting (printing all threads), id 0xc0000005, EXCEPTION_ACCESS_VIOLATION (0xc0000005) at pc=0x00007ffac38c8c47]

VM state: not at safepoint (not fully initialized)

VM Mutex/Monitor currently owned by a thread:  ([mutex/lock_event])
[0x0000014e3922ab30] Heap_lock - owner thread: 0x0000014e3922e0c0

Heap address: 0x0000000703600000, size: 4042 MB, Compressed Oops mode: Zero based, Oop shift amount: 3

CDS archive(s) mapped at: [0x0000000000000000-0x0000000000000000-0x0000000000000000), size 0, SharedBaseAddress: 0x0000000800000000, ArchiveRelocationMode: 0.
Narrow klass base: 0x0000000000000000, Narrow klass shift: 0, Narrow klass range: 0x0

GC Precious Log:
<Empty>

Heap:
 garbage-first heap   total 0K, used 0K [0x0000000703600000, 0x0000000800000000)
  region size 2048K, 0 young (0K), 0 survivors (0K)

[error occurred during error reporting (printing heap information), id 0xc0000005, EXCEPTION_ACCESS_VIOLATION (0xc0000005) at pc=0x00007ffac3cab889]

GC Heap History (0 events):
No events

Deoptimization events (0 events):
No events

Classes unloaded (0 events):
No events

Classes redefined (0 events):
No events

Internal exceptions (0 events):
No events

VM Operations (0 events):
No events

Events (1 events):
Event: 0.016 Loaded shared library C:\Program Files\Java\jdk-17.0.4\bin\java.dll


Dynamic libraries:
0x00007ff71a460000 - 0x00007ff71a470000 	C:\Program Files\Java\jdk-17.0.4\bin\javaw.exe
0x00007ffb27d40000 - 0x00007ffb27f49000 	C:\Windows\SYSTEM32\ntdll.dll
0x00007ffb266b0000 - 0x00007ffb2676d000 	C:\Windows\System32\KERNEL32.DLL
0x00007ffb252d0000 - 0x00007ffb2564d000 	C:\Windows\System32\KERNELBASE.dll
0x00007ffb25880000 - 0x00007ffb25991000 	C:\Windows\System32\ucrtbase.dll
0x00007ffad5420000 - 0x00007ffad543a000 	C:\Program Files\Java\jdk-17.0.4\bin\VCRUNTIME140.dll
0x00007ffad5400000 - 0x00007ffad5418000 	C:\Program Files\Java\jdk-17.0.4\bin\jli.dll
0x00007ffb26a80000 - 0x00007ffb26b2e000 	C:\Windows\System32\ADVAPI32.dll
0x00007ffb27790000 - 0x00007ffb27833000 	C:\Windows\System32\msvcrt.dll
0x00007ffb267d0000 - 0x00007ffb2686e000 	C:\Windows\System32\sechost.dll
0x00007ffb25bd0000 - 0x00007ffb25cf0000 	C:\Windows\System32\RPCRT4.dll
0x00007ffb275e0000 - 0x00007ffb2778d000 	C:\Windows\System32\USER32.dll
0x00007ffb25220000 - 0x00007ffb25246000 	C:\Windows\System32\win32u.dll
0x00007ffb26680000 - 0x00007ffb266a9000 	C:\Windows\System32\GDI32.dll
0x00007ffb25650000 - 0x00007ffb25768000 	C:\Windows\System32\gdi32full.dll
0x00007ffb25770000 - 0x00007ffb2580d000 	C:\Windows\System32\msvcp_win.dll
0x00007ffb19ba0000 - 0x00007ffb19baa000 	C:\Windows\SYSTEM32\VERSION.dll
0x00007ffb032a0000 - 0x00007ffb03545000 	C:\Windows\WinSxS\amd64_microsoft.windows.common-controls_6595b64144ccf1df_6.0.22000.120_none_9d947278b86cc467\COMCTL32.dll
0x00007ffb27cc0000 - 0x00007ffb27cf1000 	C:\Windows\System32\IMM32.DLL
0x00007ffb1e140000 - 0x00007ffb1e14c000 	C:\Program Files\Java\jdk-17.0.4\bin\vcruntime140_1.dll
0x00007ffad5370000 - 0x00007ffad53fd000 	C:\Program Files\Java\jdk-17.0.4\bin\msvcp140.dll
0x00007ffac35e0000 - 0x00007ffac41a2000 	C:\Program Files\Java\jdk-17.0.4\bin\server\jvm.dll
0x00007ffb261b0000 - 0x00007ffb261b8000 	C:\Windows\System32\PSAPI.DLL
0x00007ffb1bec0000 - 0x00007ffb1bef3000 	C:\Windows\SYSTEM32\WINMM.dll
0x00007ffafeba0000 - 0x00007ffafeba9000 	C:\Windows\SYSTEM32\WSOCK32.dll
0x00007ffb26610000 - 0x00007ffb2667f000 	C:\Windows\System32\WS2_32.dll
0x00007ffb24320000 - 0x00007ffb24338000 	C:\Windows\SYSTEM32\kernel.appcore.dll
0x00007ffaf2db0000 - 0x00007ffaf2dba000 	C:\Program Files\Java\jdk-17.0.4\bin\jimage.dll
0x00007ffb1fd30000 - 0x00007ffb1ff51000 	C:\Windows\SYSTEM32\DBGHELP.DLL
0x00007ffb00640000 - 0x00007ffb00671000 	C:\Windows\SYSTEM32\dbgcore.DLL
0x00007ffb25250000 - 0x00007ffb252cf000 	C:\Windows\System32\bcryptPrimitives.dll
0x00007ffac35b0000 - 0x00007ffac35d5000 	C:\Program Files\Java\jdk-17.0.4\bin\java.dll

dbghelp: loaded successfully - version: 4.0.5 - missing functions: none
symbol engine: initialized successfully - sym options: 0x614 - pdb path: .;C:\Program Files\Java\jdk-17.0.4\bin;C:\Windows\SYSTEM32;C:\Windows\WinSxS\amd64_microsoft.windows.common-controls_6595b64144ccf1df_6.0.22000.120_none_9d947278b86cc467;C:\Program Files\Java\jdk-17.0.4\bin\server

VM Arguments:
jvm_args: -Dcom.sun.management.jmxremote -Dcom.sun.management.jmxremote.port=61542 -Dcom.sun.management.jmxremote.authenticate=false -Dcom.sun.management.jmxremote.ssl=false -Djava.rmi.server.hostname=localhost -Dspring.jmx.enabled=true -Dspring.application.admin.enabled=true -XX:TieredStopAtLevel=1 -Dspring.boot.project.name=stagePotatoes -Dfile.encoding=UTF-8 -XX:+ShowCodeDetailsInExceptionMessages 
java_command: com.potatoes.StagePotatoesApplication
java_class_path (initial): D:\workStage\stagePotatoes\target\classes;C:\Users\Asmab\.m2\repository\org\springframework\boot\spring-boot-starter-data-jpa\2.7.3\spring-boot-starter-data-jpa-2.7.3.jar;C:\Users\Asmab\.m2\repository\org\springframework\boot\spring-boot-starter-aop\2.7.3\spring-boot-starter-aop-2.7.3.jar;C:\Users\Asmab\.m2\repository\org\aspectj\aspectjweaver\1.9.7\aspectjweaver-1.9.7.jar;C:\Users\Asmab\.m2\repository\org\springframework\boot\spring-boot-starter-jdbc\2.7.3\spring-boot-starter-jdbc-2.7.3.jar;C:\Users\Asmab\.m2\repository\com\zaxxer\HikariCP\4.0.3\HikariCP-4.0.3.jar;C:\Users\Asmab\.m2\repository\org\springframework\spring-jdbc\5.3.22\spring-jdbc-5.3.22.jar;C:\Users\Asmab\.m2\repository\jakarta\transaction\jakarta.transaction-api\1.3.3\jakarta.transaction-api-1.3.3.jar;C:\Users\Asmab\.m2\repository\jakarta\persistence\jakarta.persistence-api\2.2.3\jakarta.persistence-api-2.2.3.jar;C:\Users\Asmab\.m2\repository\org\hibernate\hibernate-core\5.6.10.Final\hibernate-core-5.6.10.Final.jar;C:\Users\Asmab\.m2\repository\org\jboss\logging\jboss-logging\3.4.3.Final\jboss-logging-3.4.3.Final.jar;C:\Users\Asmab\.m2\repository\net\bytebuddy\byte-buddy\1.12.13\byte-buddy-1.12.13.jar;C:\Users\Asmab\.m2\repository\antlr\antlr\2.7.7\antlr-2.7.7.jar;C:\Users\Asmab\.m2\repository\org\jboss\jandex\2.4.2.Final\jandex-2.4.2.Final.jar;C:\Users\Asmab\.m2\repository\com\fasterxml\classmate\1.5.1\classmate-1.5.1.jar;C:\Users\Asmab\.m2\repository\org\hibernate\common\hibernate-commons-annotations\5.1.2.Final\hibernate-commons-annotations-5.1.2.Final.jar;C:\Users\Asmab\.m2\repository\org\glassfish\jaxb\jaxb-runtime\2.3.6\jaxb-runtime-2.3.6.jar;C:\Users\Asmab\.m2\repository\org\glassfish\jaxb\txw2\2.3.6\txw2-2.3.6.jar;C:\Users\Asmab\.m2\repository\com\sun\istack\istack-commons-runtime\3.0.12\istack-commons-runtime-3.0.12.jar;C:\Users\Asmab\.m2\repository\com\sun\activation\jakarta.activation\1.2.2\jakarta.activation-1.2.2.jar;C:\Users\Asmab\.m2\repository\org\springfr
Launcher Type: SUN_STANDARD

[Global flags]
     intx CICompilerCount                          = 4                                         {product} {ergonomic}
     uint ConcGCThreads                            = 2                                         {product} {ergonomic}
     uint G1ConcRefinementThreads                  = 8                                         {product} {ergonomic}
   size_t G1HeapRegionSize                         = 2097152                                   {product} {ergonomic}
    uintx GCDrainStackTargetSize                   = 64                                        {product} {ergonomic}
   size_t InitialHeapSize                          = 266338304                                 {product} {ergonomic}
     bool ManagementServer                         = true                                      {product} {command line}
   size_t MarkStackSize                            = 4194304                                   {product} {ergonomic}
   size_t MaxHeapSize                              = 4238344192                                {product} {ergonomic}
   size_t MinHeapDeltaBytes                        = 2097152                                   {product} {ergonomic}
   size_t MinHeapSize                              = 8388608                                   {product} {ergonomic}
    uintx NonProfiledCodeHeapSize                  = 0                                      {pd product} {ergonomic}
     bool ProfileInterpreter                       = false                                  {pd product} {command line}
    uintx ProfiledCodeHeapSize                     = 0                                      {pd product} {ergonomic}
     bool ShowCodeDetailsInExceptionMessages       = true                                   {manageable} {command line}
   size_t SoftMaxHeapSize                          = 4238344192                             {manageable} {ergonomic}
     intx TieredStopAtLevel                        = 1                                         {product} {command line}
     bool UseCompressedClassPointers               = true                           {product lp64_product} {ergonomic}
     bool UseCompressedOops                        = true                           {product lp64_product} {ergonomic}
     bool UseG1GC                                  = true                                      {product} {ergonomic}
     bool UseLargePagesIndividualAllocation        = false                                  {pd product} {ergonomic}

Logging:
Log output configuration:
 #0: stdout all=warning uptime,level,tags
 #1: stderr all=off uptime,level,tags

Environment Variables:
JAVA_HOME=C:\Program Files\Java\jdk-17.0.4
PATH=C:\Program Files\Common Files\Oracle\Java\javapath;C:\Program Files (x86)\Common Files\Oracle\Java\javapath;C:\Windows\system32;C:\Windows;C:\Windows\System32\Wbem;C:\Windows\System32\WindowsPowerShell\v1.0\;C:\Windows\System32\OpenSSH\;C:\Users\Asmab\AppData\Local\Microsoft\WindowsApps;
USERNAME=Asmab
OS=Windows_NT
PROCESSOR_IDENTIFIER=Intel64 Family 6 Model 126 Stepping 5, GenuineIntel



---------------  S Y S T E M  ---------------

OS:
 Windows 11 , 64 bit Build 22000 (10.0.22000.708)
OS uptime: 3 days 0:47 hours

CPU: total 8 (initial active 8) (4 cores per cpu, 2 threads per core) family 6 model 126 stepping 5 microcode 0x86, cx8, cmov, fxsr, ht, mmx, 3dnowpref, sse, sse2, sse3, ssse3, sse4.1, sse4.2, popcnt, lzcnt, tsc, tscinvbit, avx, avx2, aes, erms, clmul, bmi1, bmi2, adx, avx512f, avx512dq, avx512cd, avx512bw, avx512vl, sha, fma, vzeroupper, avx512_vpopcntdq, avx512_vpclmulqdq, avx512_vaes, avx512_vnni, clflush, clflushopt, avx512_vbmi2, avx512_vbmi

Memory: 4k page, system-wide physical 16165M (2334M free)
TotalPageFile size 31292M (AvailPageFile size 73M)
current process WorkingSet (physical memory assigned to process): 10M, peak: 10M
current process commit charge ("private bytes"): 55M, peak: 309M

vm_info: Java HotSpot(TM) 64-Bit Server VM (17.0.4+11-LTS-179) for windows-amd64 JRE (17.0.4+11-LTS-179), built on Jun 28 2022 08:23:05 by "mach5one" with MS VC++ 16.8 / 16.9 (VS2019)

END.
